  hvrp.cpp
C:\Users\Clément\Documents\GitHub\OAD\TP3\hvrp.cpp(338,20): warning C4244:  '=' : conversion de 'double' en 'int', perte possible de données
C:\Users\Clément\Documents\GitHub\OAD\TP3\hvrp.cpp(352,21): warning C4244:  '=' : conversion de 'double' en 'int', perte possible de données
C:\Users\Clément\Documents\GitHub\OAD\TP3\hvrp.cpp(357,20): warning C4244:  '=' : conversion de 'double' en 'int', perte possible de données
C:\Users\Clément\Documents\GitHub\OAD\TP3\hvrp.cpp(361,21): warning C4244:  '=' : conversion de 'double' en 'int', perte possible de données
C:\Users\Clément\Documents\GitHub\OAD\TP3\hvrp.cpp(366,20): warning C4244:  '=' : conversion de 'double' en 'int', perte possible de données
C:\Users\Clément\Documents\GitHub\OAD\TP3\hvrp.cpp(370,21): warning C4244:  '=' : conversion de 'double' en 'int', perte possible de données
C:\Users\Clément\Documents\GitHub\OAD\TP3\hvrp.cpp(407,77): warning C4244:  '-=' : conversion de 'double' en 'int', perte possible de données
C:\Users\Clément\Documents\GitHub\OAD\TP3\hvrp.cpp(408,77): warning C4244:  '-=' : conversion de 'double' en 'int', perte possible de données
C:\Users\Clément\Documents\GitHub\OAD\TP3\hvrp.cpp(409,77): warning C4244:  '-=' : conversion de 'double' en 'int', perte possible de données
C:\Users\Clément\Documents\GitHub\OAD\TP3\hvrp.cpp(411,81): warning C4244:  '+=' : conversion de 'double' en 'int', perte possible de données
C:\Users\Clément\Documents\GitHub\OAD\TP3\hvrp.cpp(412,73): warning C4244:  '+=' : conversion de 'double' en 'int', perte possible de données
C:\Users\Clément\Documents\GitHub\OAD\TP3\hvrp.cpp(413,75): warning C4244:  '+=' : conversion de 'double' en 'int', perte possible de données
C:\Users\Clément\Documents\GitHub\OAD\TP3\hvrp.cpp(471,80): warning C4244:  '+=' : conversion de 'double' en 'int', perte possible de données
C:\Users\Clément\Documents\GitHub\OAD\TP3\hvrp.cpp(638,22): warning C4244:  '=' : conversion de 'double' en 'int', perte possible de données
C:\Users\Clément\Documents\GitHub\OAD\TP3\hvrp.cpp(573,10): warning C4101:  'a' : variable locale non référencée
C:\Users\Clément\Documents\GitHub\OAD\TP3\hvrp.cpp(663,11): warning C4244:  'initialisation' : conversion de 'int' en 'float', perte possible de données
C:\Users\Clément\Documents\GitHub\OAD\TP3\hvrp.cpp(686,33): warning C4244:  '=' : conversion de 'double' en 'int', perte possible de données
C:\Users\Clément\Documents\GitHub\OAD\TP3\hvrp.cpp(692,57): warning C4244:  '-=' : conversion de 'double' en 'int', perte possible de données
C:\Users\Clément\Documents\GitHub\OAD\TP3\hvrp.cpp(697,17): warning C4305:  '+=' : troncation de 'double' à 'float'
C:\Users\Clément\Documents\GitHub\OAD\TP3\hvrp.cpp(702,16): warning C4305:  '-=' : troncation de 'double' à 'float'
C:\Users\Clément\Documents\GitHub\OAD\TP3\hvrp.cpp(713,33): warning C4244:  '=' : conversion de 'double' en 'int', perte possible de données
C:\Users\Clément\Documents\GitHub\OAD\TP3\hvrp.cpp(718,57): warning C4244:  '-=' : conversion de 'double' en 'int', perte possible de données
C:\Users\Clément\Documents\GitHub\OAD\TP3\hvrp.cpp(723,17): warning C4305:  '+=' : troncation de 'double' à 'float'
C:\Users\Clément\Documents\GitHub\OAD\TP3\hvrp.cpp(728,16): warning C4305:  '-=' : troncation de 'double' à 'float'
C:\Users\Clément\Documents\GitHub\OAD\TP3\hvrp.cpp(745,35): warning C4244:  '=' : conversion de 'double' en 'int', perte possible de données
C:\Users\Clément\Documents\GitHub\OAD\TP3\hvrp.cpp(746,35): warning C4244:  '=' : conversion de 'double' en 'int', perte possible de données
C:\Users\Clément\Documents\GitHub\OAD\TP3\hvrp.cpp(753,59): warning C4244:  '-=' : conversion de 'double' en 'int', perte possible de données
C:\Users\Clément\Documents\GitHub\OAD\TP3\hvrp.cpp(758,19): warning C4305:  '+=' : troncation de 'double' à 'float'
  main.cpp
C:\Users\Clément\Documents\GitHub\OAD\TP3\hvrp.cpp(763,18): warning C4305:  '-=' : troncation de 'double' à 'float'
  Génération de code en cours...
C:\Users\Clément\Documents\GitHub\OAD\TP3\main.cpp(6,12): warning C4244:  'argument' : conversion de 'time_t' en 'unsigned int', perte possible de données
  HVRP.vcxproj -> C:\Users\Clément\Documents\GitHub\OAD\TP3\Debug\HVRP.exe
